# JRE version: Java(TM) SE Runtime Environment (8.0_281-b09) (build 1.8.0_281-b09)
# Java VM: Java HotSpot(TM) 64-Bit Server VM (25.281-b09 mixed mode linux-amd64 compressed oops)
Heap:
 PSYoungGen      total 186880K, used 24691K [0x00000000eab00000, 0x00000000fe600000, 0x0000000100000000)
  eden space 160256K, 11% used [0x00000000eab00000,0x00000000ebcb27c0,0x00000000f4780000)
  from space 26624K, 24% used [0x00000000f4780000,0x00000000f4dea4d8,0x00000000f6180000)
  to   space 13312K, 0% used [0x00000000fd900000,0x00000000fd900000,0x00000000fe600000)
 ParOldGen       total 174080K, used 13608K [0x00000000c0000000, 0x00000000caa00000, 0x00000000eab00000)
  object space 174080K, 7% used [0x00000000c0000000,0x00000000c0d4a0c8,0x00000000caa00000)
 Metaspace       used 23722K, capacity 23962K, committed 24320K, reserved 1071104K
  class space    used 2650K, capacity 2737K, committed 2816K, reserved 1048576K
GC Heap History (10 events):
Event: 14.900 GC heap before
{Heap before GC invocations=2 (full 1):
 PSYoungGen      total 186880K, used 14093K [0x00000000eab00000, 0x00000000f7b80000, 0x0000000100000000)
  eden space 160256K, 0% used [0x00000000eab00000,0x00000000eab00000,0x00000000f4780000)
  from space 26624K, 52% used [0x00000000f4780000,0x00000000f5543638,0x00000000f6180000)
  to   space 26624K, 0% used [0x00000000f6180000,0x00000000f6180000,0x00000000f7b80000)
 ParOldGen       total 427520K, used 16K [0x00000000c0000000, 0x00000000da180000, 0x00000000eab00000)
  object space 427520K, 0% used [0x00000000c0000000,0x00000000c0004000,0x00000000da180000)
 Metaspace       used 20823K, capacity 21044K, committed 21296K, reserved 1069056K
  class space    used 2469K, capacity 2576K, committed 2688K, reserved 1048576K
Event: 14.939 GC heap after
Heap after GC invocations=2 (full 1):
 PSYoungGen      total 186880K, used 0K [0x00000000eab00000, 0x00000000f7b80000, 0x0000000100000000)
  eden space 160256K, 0% used [0x00000000eab00000,0x00000000eab00000,0x00000000f4780000)
  from space 26624K, 0% used [0x00000000f4780000,0x00000000f4780000,0x00000000f6180000)
  to   space 26624K, 0% used [0x00000000f6180000,0x00000000f6180000,0x00000000f7b80000)
 ParOldGen       total 174080K, used 13576K [0x00000000c0000000, 0x00000000caa00000, 0x00000000eab00000)
  object space 174080K, 7% used [0x00000000c0000000,0x00000000c0d420c8,0x00000000caa00000)
 Metaspace       used 20823K, capacity 21044K, committed 21296K, reserved 1069056K
  class space    used 2469K, capacity 2576K, committed 2688K, reserved 1048576K
}
Event: 15.685 GC heap before
{Heap before GC invocations=3 (full 1):
 PSYoungGen      total 186880K, used 160256K [0x00000000eab00000, 0x00000000f7b80000, 0x0000000100000000)
  eden space 160256K, 100% used [0x00000000eab00000,0x00000000f4780000,0x00000000f4780000)
  from space 26624K, 0% used [0x00000000f4780000,0x00000000f4780000,0x00000000f6180000)
  to   space 26624K, 0% used [0x00000000f6180000,0x00000000f6180000,0x00000000f7b80000)
 ParOldGen       total 174080K, used 13576K [0x00000000c0000000, 0x00000000caa00000, 0x00000000eab00000)
  object space 174080K, 7% used [0x00000000c0000000,0x00000000c0d420c8,0x00000000caa00000)
 Metaspace       used 23515K, capacity 23770K, committed 24064K, reserved 1071104K
  class space    used 2650K, capacity 2737K, committed 2816K, reserved 1048576K
Event: 15.689 GC heap after
Heap after GC invocations=3 (full 1):
 PSYoungGen      total 186880K, used 3643K [0x00000000eab00000, 0x00000000f7b80000, 0x0000000100000000)
  eden space 160256K, 0% used [0x00000000eab00000,0x00000000eab00000,0x00000000f4780000)
  from space 26624K, 13% used [0x00000000f6180000,0x00000000f650efb8,0x00000000f7b80000)
  to   space 26624K, 0% used [0x00000000f4780000,0x00000000f4780000,0x00000000f6180000)
 ParOldGen       total 174080K, used 13584K [0x00000000c0000000, 0x00000000caa00000, 0x00000000eab00000)
  object space 174080K, 7% used [0x00000000c0000000,0x00000000c0d440c8,0x00000000caa00000)
 Metaspace       used 23515K, capacity 23770K, committed 24064K, reserved 1071104K
  class space    used 2650K, capacity 2737K, committed 2816K, reserved 1048576K
}
Event: 16.041 GC heap before
{Heap before GC invocations=4 (full 1):
 PSYoungGen      total 186880K, used 163899K [0x00000000eab00000, 0x00000000f7b80000, 0x0000000100000000)
  eden space 160256K, 100% used [0x00000000eab00000,0x00000000f4780000,0x00000000f4780000)
  from space 26624K, 13% used [0x00000000f6180000,0x00000000f650efb8,0x00000000f7b80000)
  to   space 26624K, 0% used [0x00000000f4780000,0x00000000f4780000,0x00000000f6180000)
 ParOldGen       total 174080K, used 13584K [0x00000000c0000000, 0x00000000caa00000, 0x00000000eab00000)
  object space 174080K, 7% used [0x00000000c0000000,0x00000000c0d440c8,0x00000000caa00000)
 Metaspace       used 23632K, capacity 23898K, committed 24320K, reserved 1071104K
  class space    used 2650K, capacity 2737K, committed 2816K, reserved 1048576K
Event: 16.047 GC heap after
Heap after GC invocations=4 (full 1):
 PSYoungGen      total 186880K, used 3690K [0x00000000eab00000, 0x00000000f7b80000, 0x0000000100000000)
  eden space 160256K, 0% used [0x00000000eab00000,0x00000000eab00000,0x00000000f4780000)
  from space 26624K, 13% used [0x00000000f4780000,0x00000000f4b1a830,0x00000000f6180000)
  to   space 26624K, 0% used [0x00000000f6180000,0x00000000f6180000,0x00000000f7b80000)
 ParOldGen       total 174080K, used 13592K [0x00000000c0000000, 0x00000000caa00000, 0x00000000eab00000)
  object space 174080K, 7% used [0x00000000c0000000,0x00000000c0d460c8,0x00000000caa00000)
 Metaspace       used 23632K, capacity 23898K, committed 24320K, reserved 1071104K
  class space    used 2650K, capacity 2737K, committed 2816K, reserved 1048576K
}
Event: 16.391 GC heap before
{Heap before GC invocations=5 (full 1):
 PSYoungGen      total 186880K, used 163946K [0x00000000eab00000, 0x00000000f7b80000, 0x0000000100000000)
  eden space 160256K, 100% used [0x00000000eab00000,0x00000000f4780000,0x00000000f4780000)
  from space 26624K, 13% used [0x00000000f4780000,0x00000000f4b1a830,0x00000000f6180000)
  to   space 26624K, 0% used [0x00000000f6180000,0x00000000f6180000,0x00000000f7b80000)
 ParOldGen       total 174080K, used 13592K [0x00000000c0000000, 0x00000000caa00000, 0x00000000eab00000)
  object space 174080K, 7% used [0x00000000c0000000,0x00000000c0d460c8,0x00000000caa00000)
 Metaspace       used 23692K, capacity 23898K, committed 24320K, reserved 1071104K
  class space    used 2650K, capacity 2737K, committed 2816K, reserved 1048576K
Event: 16.399 GC heap after
Heap after GC invocations=5 (full 1):
 PSYoungGen      total 186880K, used 5065K [0x00000000eab00000, 0x00000000ff980000, 0x0000000100000000)
  eden space 160256K, 0% used [0x00000000eab00000,0x00000000eab00000,0x00000000f4780000)
  from space 26624K, 19% used [0x00000000f6180000,0x00000000f66724d8,0x00000000f7b80000)
  to   space 26624K, 0% used [0x00000000f4780000,0x00000000f4780000,0x00000000f6180000)
 ParOldGen       total 174080K, used 13600K [0x00000000c0000000, 0x00000000caa00000, 0x00000000eab00000)
  object space 174080K, 7% used [0x00000000c0000000,0x00000000c0d480c8,0x00000000caa00000)
 Metaspace       used 23692K, capacity 23898K, committed 24320K, reserved 1071104K
  class space    used 2650K, capacity 2737K, committed 2816K, reserved 1048576K
}
Event: 16.675 GC heap before
{Heap before GC invocations=6 (full 1):
 PSYoungGen      total 186880K, used 165321K [0x00000000eab00000, 0x00000000ff980000, 0x0000000100000000)
  eden space 160256K, 100% used [0x00000000eab00000,0x00000000f4780000,0x00000000f4780000)
  from space 26624K, 19% used [0x00000000f6180000,0x00000000f66724d8,0x00000000f7b80000)
  to   space 26624K, 0% used [0x00000000f4780000,0x00000000f4780000,0x00000000f6180000)
 ParOldGen       total 174080K, used 13600K [0x00000000c0000000, 0x00000000caa00000, 0x00000000eab00000)
  object space 174080K, 7% used [0x00000000c0000000,0x00000000c0d480c8,0x00000000caa00000)
 Metaspace       used 23717K, capacity 23962K, committed 24320K, reserved 1071104K
  class space    used 2650K, capacity 2737K, committed 2816K, reserved 1048576K
Event: 16.686 GC heap after
Heap after GC invocations=6 (full 1):
 PSYoungGen      total 186880K, used 6569K [0x00000000eab00000, 0x00000000fe600000, 0x0000000100000000)
  eden space 160256K, 0% used [0x00000000eab00000,0x00000000eab00000,0x00000000f4780000)
  from space 26624K, 24% used [0x00000000f4780000,0x00000000f4dea4d8,0x00000000f6180000)
  to   space 13312K, 0% used [0x00000000fd900000,0x00000000fd900000,0x00000000fe600000)
 ParOldGen       total 174080K, used 13608K [0x00000000c0000000, 0x00000000caa00000, 0x00000000eab00000)
  object space 174080K, 7% used [0x00000000c0000000,0x00000000c0d4a0c8,0x00000000caa00000)
 Metaspace       used 23717K, capacity 23962K, committed 24320K, reserved 1071104K
  class space    used 2650K, capacity 2737K, committed 2816K, reserved 1048576K
}

