<?xml version="1.0" encoding="UTF-8"?>
<testsuite xmlns:xsi="http://www.w3.org/2001/XMLSchema-instance" xsi:noNamespaceSchemaLocation="https://maven.apache.org/surefire/maven-surefire-plugin/xsd/surefire-test-report.xsd" name="gumtree.spoon.TreeTest" time="4.893" tests="24" errors="0" skipped="0" failures="0">
  <properties>
[...]
</properties>
  <testcase name="test_packageName_202564" classname="gumtree.spoon.TreeTest" time="0.677"/>
  <testcase name="test_Path_Scanner_failing_tofix" classname="gumtree.spoon.TreeTest" time="0.333"/>
  <testcase name="test_JSON_manual_generation_1" classname="gumtree.spoon.TreeTest" time="0.102"/>
  <testcase name="test_JSON_manual_generation_2" classname="gumtree.spoon.TreeTest" time="0.089"/>
  <testcase name="test_Path_of_affected_nodes" classname="gumtree.spoon.TreeTest" time="0.164"/>
  <testcase name="test_Path_ScannerWithSpoon_both" classname="gumtree.spoon.TreeTest" time="0.133"/>
  <testcase name="test_Path_ScannerWithSpoon_left" classname="gumtree.spoon.TreeTest" time="0.065"/>
  <testcase name="test_Path_1" classname="gumtree.spoon.TreeTest" time="1.763"/>
  <testcase name="test_superInterfacesShouldBeDescendantsOfClassNode" classname="gumtree.spoon.TreeTest" time="0.013"/>
  <testcase name="test_JSON_COLORED" classname="gumtree.spoon.TreeTest" time="0.096"/>
  <testcase name="test_levelsOfNestingOfTypeArguments" classname="gumtree.spoon.TreeTest" time="0.014"/>
  <testcase name="test_bugissue84_2_update" classname="gumtree.spoon.TreeTest" time="0.348"/>
  <testcase name="test_nestedReturnTypeOfMethodShouldGetParsed" classname="gumtree.spoon.TreeTest" time="0.018"/>
  <testcase name="test_bug_Possition" classname="gumtree.spoon.TreeTest" time="0.076"/>
  <testcase name="test_Path_ScannerWithGTFailing_both" classname="gumtree.spoon.TreeTest" time="0.079"/>
  <testcase name="test_Path_ScannerWithGTFailing_left" classname="gumtree.spoon.TreeTest" time="0.037"/>
  <testcase name="test_getTree_labelExistsForAnnotations" classname="gumtree.spoon.TreeTest" time="0.014"/>
  <testcase name="test_JSON_from_GT" classname="gumtree.spoon.TreeTest" time="0.039"/>
  <testcase name="test_Path_ScannerWithGTFailing_right" classname="gumtree.spoon.TreeTest" time="0.036"/>
  <testcase name="test_bug_Possition_from_String" classname="gumtree.spoon.TreeTest" time="0.012"/>
  <testcase name="test_nestingLevelOfSuperType" classname="gumtree.spoon.TreeTest" time="0.008"/>
  <testcase name="test_Path_ScannerWithSpoon_Right" classname="gumtree.spoon.TreeTest" time="0.038"/>
  <testcase name="test_bugissue84_1_insert" classname="gumtree.spoon.TreeTest" time="0.237"/>
  <testcase name="test_bugissue84_original_failling" classname="gumtree.spoon.TreeTest" time="0.474"/>
</testsuite>