<?xml version="1.0" encoding="UTF-8"?>
<testsuite xmlns:xsi="http://www.w3.org/2001/XMLSchema-instance" xsi:noNamespaceSchemaLocation="https://maven.apache.org/surefire/maven-surefire-plugin/xsd/surefire-test-report.xsd" name="gumtree.spoon.AstComparatorTest" time="12.022" tests="107" errors="0" skipped="1" failures="0">
  <properties>
[...]
</properties>
  <testcase name="test_t_209184_buggy_allopsNPE" classname="gumtree.spoon.AstComparatorTest" time="0.022"/>
  <testcase name="testExtends" classname="gumtree.spoon.AstComparatorTest" time="0.02"/>
  <testcase name="testDiff2Comment" classname="gumtree.spoon.AstComparatorTest" time="0.062"/>
  <testcase name="testReplaceMovesFromAll2" classname="gumtree.spoon.AstComparatorTest" time="0.013"/>
  <testcase name="exampleInsertAndUpdate" classname="gumtree.spoon.AstComparatorTest" time="0.031"/>
  <testcase name="testMain" classname="gumtree.spoon.AstComparatorTest" time="0.072"/>
  <testcase name="test_t_202564" classname="gumtree.spoon.AstComparatorTest" time="0.043"/>
  <testcase name="test_t_204225" classname="gumtree.spoon.AstComparatorTest" time="0.017"/>
  <testcase name="test_t_208618" classname="gumtree.spoon.AstComparatorTest" time="0.041"/>
  <testcase name="test_t_209184" classname="gumtree.spoon.AstComparatorTest" time="0.02"/>
  <testcase name="test_t_211903" classname="gumtree.spoon.AstComparatorTest" time="0.023"/>
  <testcase name="test_t_212496" classname="gumtree.spoon.AstComparatorTest" time="0.316"/>
  <testcase name="test_t_213712" classname="gumtree.spoon.AstComparatorTest" time="0.027"/>
  <testcase name="test_t_214116" classname="gumtree.spoon.AstComparatorTest" time="0.151"/>
  <testcase name="test_t_214614" classname="gumtree.spoon.AstComparatorTest" time="0.098"/>
  <testcase name="test_t_220985" classname="gumtree.spoon.AstComparatorTest" time="0.326"/>
  <testcase name="test_t_221070" classname="gumtree.spoon.AstComparatorTest" time="0.336"/>
  <testcase name="test_t_221295" classname="gumtree.spoon.AstComparatorTest" time="0.071"/>
  <testcase name="test_t_221343" classname="gumtree.spoon.AstComparatorTest" time="0.536"/>
  <testcase name="test_t_221345" classname="gumtree.spoon.AstComparatorTest" time="0.512"/>
  <testcase name="test_t_221422" classname="gumtree.spoon.AstComparatorTest" time="0.618"/>
  <testcase name="test_t_221958" classname="gumtree.spoon.AstComparatorTest" time="0.124"/>
  <testcase name="test_t_221966" classname="gumtree.spoon.AstComparatorTest" time="0.037"/>
  <testcase name="test_t_222361" classname="gumtree.spoon.AstComparatorTest" time="0.069"/>
  <testcase name="test_t_222399" classname="gumtree.spoon.AstComparatorTest" time="0.087"/>
  <testcase name="test_t_222884" classname="gumtree.spoon.AstComparatorTest" time="0.057"/>
  <testcase name="test_t_222894" classname="gumtree.spoon.AstComparatorTest" time="0.113"/>
  <testcase name="test_t_223054" classname="gumtree.spoon.AstComparatorTest" time="0.025"/>
  <testcase name="test_t_223056" classname="gumtree.spoon.AstComparatorTest" time="1.325"/>
  <testcase name="test_t_223118" classname="gumtree.spoon.AstComparatorTest" time="0.167"/>
  <testcase name="test_t_223454" classname="gumtree.spoon.AstComparatorTest" time="0.045"/>
  <testcase name="test_t_223542" classname="gumtree.spoon.AstComparatorTest" time="0.647"/>
  <testcase name="test_t_224512" classname="gumtree.spoon.AstComparatorTest" time="1.803"/>
  <testcase name="test_t_224542" classname="gumtree.spoon.AstComparatorTest" time="0.267"/>
  <testcase name="test_t_224766" classname="gumtree.spoon.AstComparatorTest" time="0.025"/>
  <testcase name="test_t_224771" classname="gumtree.spoon.AstComparatorTest" time="0.049"/>
  <testcase name="test_t_224798" classname="gumtree.spoon.AstComparatorTest" time="0.036"/>
  <testcase name="test_t_224834" classname="gumtree.spoon.AstComparatorTest" time="0.022"/>
  <testcase name="test_t_224863" classname="gumtree.spoon.AstComparatorTest" time="0.032"/>
  <testcase name="test_t_224882" classname="gumtree.spoon.AstComparatorTest" time="0.016"/>
  <testcase name="test_t_224890" classname="gumtree.spoon.AstComparatorTest" time="0.018"/>
  <testcase name="test_t_225008" classname="gumtree.spoon.AstComparatorTest" time="0">
    <skipped/>
  </testcase>
  <testcase name="test_t_225073" classname="gumtree.spoon.AstComparatorTest" time="0.055"/>
  <testcase name="test_t_225106" classname="gumtree.spoon.AstComparatorTest" time="0.031"/>
  <testcase name="test_t_225225" classname="gumtree.spoon.AstComparatorTest" time="0.024"/>
  <testcase name="test_t_225247" classname="gumtree.spoon.AstComparatorTest" time="0.03"/>
  <testcase name="test_t_225262" classname="gumtree.spoon.AstComparatorTest" time="0.026"/>
  <testcase name="test_t_225391" classname="gumtree.spoon.AstComparatorTest" time="0.065"/>
  <testcase name="test_t_225414" classname="gumtree.spoon.AstComparatorTest" time="0.082"/>
  <testcase name="test_t_225434" classname="gumtree.spoon.AstComparatorTest" time="0.019"/>
  <testcase name="test_t_225525" classname="gumtree.spoon.AstComparatorTest" time="0.022"/>
  <testcase name="test_t_225724" classname="gumtree.spoon.AstComparatorTest" time="0.042"/>
  <testcase name="test_t_225893" classname="gumtree.spoon.AstComparatorTest" time="0.013"/>
  <testcase name="test_t_226145" classname="gumtree.spoon.AstComparatorTest" time="0.116"/>
  <testcase name="test_t_226330" classname="gumtree.spoon.AstComparatorTest" time="0.028"/>
  <testcase name="test_t_226480" classname="gumtree.spoon.AstComparatorTest" time="0.119"/>
  <testcase name="test_t_226555" classname="gumtree.spoon.AstComparatorTest" time="0.023"/>
  <testcase name="test_t_226622" classname="gumtree.spoon.AstComparatorTest" time="0.061"/>
  <testcase name="test_t_226685" classname="gumtree.spoon.AstComparatorTest" time="0.019"/>
  <testcase name="test_t_226926" classname="gumtree.spoon.AstComparatorTest" time="0.02"/>
  <testcase name="test_t_226963" classname="gumtree.spoon.AstComparatorTest" time="0.176"/>
  <testcase name="test_t_227005" classname="gumtree.spoon.AstComparatorTest" time="0.06"/>
  <testcase name="test_t_227130" classname="gumtree.spoon.AstComparatorTest" time="0.032"/>
  <testcase name="test_t_227368" classname="gumtree.spoon.AstComparatorTest" time="0.053"/>
  <testcase name="test_t_227811" classname="gumtree.spoon.AstComparatorTest" time="0.028"/>
  <testcase name="test_t_227985" classname="gumtree.spoon.AstComparatorTest" time="0.19"/>
  <testcase name="test_t_228064" classname="gumtree.spoon.AstComparatorTest" time="0.035"/>
  <testcase name="test_t_228325" classname="gumtree.spoon.AstComparatorTest" time="0.024"/>
  <testcase name="test_t_228643" classname="gumtree.spoon.AstComparatorTest" time="0.014"/>
  <testcase name="test_t_286696" classname="gumtree.spoon.AstComparatorTest" time="0.029"/>
  <testcase name="test_t_286700" classname="gumtree.spoon.AstComparatorTest" time="0.025"/>
  <testcase name="testInsertStaticFromMethodHead" classname="gumtree.spoon.AstComparatorTest" time="0.01"/>
  <testcase name="testgetCtType" classname="gumtree.spoon.AstComparatorTest" time="0.005"/>
  <testcase name="testVarargs" classname="gumtree.spoon.AstComparatorTest" time="0.014"/>
  <testcase name="testAnalyzeStringString" classname="gumtree.spoon.AstComparatorTest" time="0.01"/>
  <testcase name="testD4JLang57" classname="gumtree.spoon.AstComparatorTest" time="0.108"/>
  <testcase name="testFileName" classname="gumtree.spoon.AstComparatorTest" time="0.02"/>
  <testcase name="testD4JMath34" classname="gumtree.spoon.AstComparatorTest" time="0.05"/>
  <testcase name="test5" classname="gumtree.spoon.AstComparatorTest" time="0.053"/>
  <testcase name="test6" classname="gumtree.spoon.AstComparatorTest" time="0.01"/>
  <testcase name="test7" classname="gumtree.spoon.AstComparatorTest" time="0.049"/>
  <testcase name="test8" classname="gumtree.spoon.AstComparatorTest" time="0.011"/>
  <testcase name="test9" classname="gumtree.spoon.AstComparatorTest" time="0.009"/>
  <testcase name="testDiff3Comment" classname="gumtree.spoon.AstComparatorTest" time="0.028"/>
  <testcase name="test_vs_6b994_AuthorizationHelper" classname="gumtree.spoon.AstComparatorTest" time="0.12"/>
  <testcase name="testReplaceMovesFromRoot1" classname="gumtree.spoon.AstComparatorTest" time="0.01"/>
  <testcase name="testReplaceMovesFromRoot2" classname="gumtree.spoon.AstComparatorTest" time="0.011"/>
  <testcase name="testExtendsGenerics1" classname="gumtree.spoon.AstComparatorTest" time="0.012"/>
  <testcase name="testExtendsGenerics2" classname="gumtree.spoon.AstComparatorTest" time="0.011"/>
  <testcase name="exampleSingleUpdate" classname="gumtree.spoon.AstComparatorTest" time="0.043"/>
  <testcase name="test_vs_6b994_TestUtilityService" classname="gumtree.spoon.AstComparatorTest" time="0.187"/>
  <testcase name="testModifEmpty" classname="gumtree.spoon.AstComparatorTest" time="0.017"/>
  <testcase name="testContent" classname="gumtree.spoon.AstComparatorTest" time="0.021"/>
  <testcase name="test_vs_6b994_UtilityService" classname="gumtree.spoon.AstComparatorTest" time="0.21"/>
  <testcase name="test_issue201812" classname="gumtree.spoon.AstComparatorTest" time="0.017"/>
  <testcase name="test_issue31" classname="gumtree.spoon.AstComparatorTest" time="0.164"/>
  <testcase name="test_issue59" classname="gumtree.spoon.AstComparatorTest" time="0.011"/>
  <testcase name="test_t_1205753_exception_not_attached_node" classname="gumtree.spoon.AstComparatorTest" time="0.074"/>
  <testcase name="exampleInsert" classname="gumtree.spoon.AstComparatorTest" time="0.038"/>
  <testcase name="testDiff1Comment" classname="gumtree.spoon.AstComparatorTest" time="0.048"/>
  <testcase name="testNoLabel1" classname="gumtree.spoon.AstComparatorTest" time="0.022"/>
  <testcase name="testNoLabel2" classname="gumtree.spoon.AstComparatorTest" time="0.02"/>
  <testcase name="testNoLabel3" classname="gumtree.spoon.AstComparatorTest" time="0.02"/>
  <testcase name="testJDTBasedSpoonCompiler" classname="gumtree.spoon.AstComparatorTest" time="0.006"/>
  <testcase name="propertiesCorrectlySet" classname="gumtree.spoon.AstComparatorTest" time="0"/>
  <testcase name="exampleRemoveMethod" classname="gumtree.spoon.AstComparatorTest" time="0.039"/>
  <testcase name="test_vs_6b994_VerificationHost" classname="gumtree.spoon.AstComparatorTest" time="0.76"/>
</testsuite>