<?xml version="1.0" encoding="UTF-8"?>
<testsuite xmlns:xsi="http://www.w3.org/2001/XMLSchema-instance" xsi:noNamespaceSchemaLocation="https://maven.apache.org/surefire/maven-surefire-plugin/xsd/surefire-test-report.xsd" name="gumtree.spoon.diff.support.SpoonSupportTest" time="0.095" tests="9" errors="0" skipped="0" failures="0">
  <properties>
[...]
</properties>
  <testcase name="testRoleOfFinalInParent" classname="gumtree.spoon.diff.support.SpoonSupportTest" time="0.002"/>
  <testcase name="testInsert1_SearchInWrong" classname="gumtree.spoon.diff.support.SpoonSupportTest" time="0.012"/>
  <testcase name="testRoleOfModifiersInParent" classname="gumtree.spoon.diff.support.SpoonSupportTest" time="0.011"/>
  <testcase name="testGUMTREE_NODE_Link_1" classname="gumtree.spoon.diff.support.SpoonSupportTest" time="0.011"/>
  <testcase name="testGettingChildrenOfCtVirtualElement" classname="gumtree.spoon.diff.support.SpoonSupportTest" time="0.01"/>
  <testcase name="test_typeOfUpdatedNodeShouldEqualCtTypeReference" classname="gumtree.spoon.diff.support.SpoonSupportTest" time="0.012"/>
  <testcase name="testInsert1" classname="gumtree.spoon.diff.support.SpoonSupportTest" time="0.011"/>
  <testcase name="testRemove" classname="gumtree.spoon.diff.support.SpoonSupportTest" time="0.015"/>
  <testcase name="testUpdate" classname="gumtree.spoon.diff.support.SpoonSupportTest" time="0.01"/>
</testsuite>